[2025-06-13 14:49:54] Пользователь asi12: Открыт диалог добавления заказа
[2025-06-13 14:57:30] Пользователь asi12: Открыт диалог добавления заказа
[2025-06-16 13:29:54] Система: Запуск приложения
[2025-06-16 13:29:59] Система: База данных инициализирована
[2025-06-16 13:30:00] Система: Окно входа открыто
[2025-06-16 13:30:11] Система: Успешный вход пользователя: Gleb
[2025-06-16 13:30:11] Пользователь Gleb (Admin): Роль пользователя: 'admin'
[2025-06-16 13:30:13] Пользователь Gleb (Admin): Открытие окна администратора для: Gleb
[2025-06-16 13:30:17] Пользователь Gleb (Admin): Загружены данные товаров: 4 записей
[2025-06-16 13:30:18] Пользователь Gleb (Admin): Открыто окно администратора для пользователя Gleb
[2025-06-16 13:30:21] Пользователь Gleb (Admin): Загружены данные товаров: 4 записей
[2025-06-16 13:30:21] Пользователь Gleb (Admin): Обновлены данные товаров
[2025-06-16 15:23:17] Система: Запуск приложения
[2025-06-16 15:23:23] Система: База данных инициализирована
[2025-06-16 15:23:25] Система: Окно входа открыто
[2025-06-16 15:23:35] Система: Успешный вход пользователя: admin_ph
[2025-06-16 15:23:35] Пользователь admin_ph (admin_ph): Роль пользователя: 'admin_ph'
[2025-06-16 15:23:38] Пользователь admin_ph (admin_ph): Открытие окна администратора о для: admin_ph
[2025-06-16 15:24:29] Пользователь admin_ph (admin_ph): Выход из системы пользователем admin_ph
[2025-06-16 15:33:32] Система: Запуск приложения
[2025-06-16 15:33:39] Система: База данных инициализирована
[2025-06-16 15:33:41] Система: Окно входа открыто
[2025-06-16 15:33:51] Система: Успешный вход пользователя: admin_ph
[2025-06-16 15:33:51] Пользователь admin_ph (admin_ph): Роль пользователя: 'admin_ph'
[2025-06-16 15:33:54] Пользователь admin_ph (admin_ph): Открытие окна администратора о для: admin_ph
[2025-06-16 15:39:57] Пользователь admin_ph (admin_ph): Выход из системы пользователем admin_ph
[2025-06-16 15:40:12] Система: Запуск приложения
[2025-06-16 15:40:16] Система: База данных инициализирована
[2025-06-16 15:40:19] Система: Окно входа открыто
[2025-06-16 15:40:35] Система: Успешный вход пользователя: admin_ph
[2025-06-16 15:40:35] Пользователь admin_ph (admin_ph): Роль пользователя: 'admin_ph'
[2025-06-16 15:40:38] Пользователь admin_ph (admin_ph): Открытие окна администратора о для: admin_ph
[2025-06-16 15:41:19] Пользователь admin_ph (admin_ph): Отправлен запрос на доступ к камере пользователю Gleb
[2025-06-16 15:41:30] Пользователь admin_ph (admin_ph): Выход из системы пользователем admin_ph
[2025-06-16 15:55:10] Система: Запуск приложения
[2025-06-16 15:55:15] Система: База данных инициализирована
[2025-06-16 15:55:18] Система: Окно входа открыто
[2025-06-16 15:55:29] Система: Успешный вход пользователя: Asror
[2025-06-16 15:55:29] Пользователь Asror (Worker): Роль пользователя: 'worker'
[2025-06-16 15:55:33] Пользователь Asror (Worker): Открытие окна работника для: Asror
[2025-06-16 15:55:38] Пользователь Asror (Worker): Окно работника открыто для пользователя Asror
[2025-06-17 09:15:20] Система: Запуск приложения
[2025-06-17 09:16:04] Система: Запуск приложения
[2025-06-17 09:17:32] Система: Запуск приложения
[2025-06-17 09:29:27] Система: Запуск приложения
[2025-06-17 09:29:30] Система: Запуск приложения
[2025-06-17 09:29:33] Система: База данных инициализирована
[2025-06-17 09:29:34] Система: Окно входа открыто
[2025-06-17 09:29:35] Система: База данных инициализирована
[2025-06-17 09:29:35] Система: Окно входа открыто
[2025-06-17 09:30:07] Система: Проверка таблицы Orders...
[2025-06-17 09:30:14] Система: Загружены данные товаров: 4 записей
[2025-06-17 09:30:14] Система: Открыто окно администратора для пользователя Gleb
