[2025-06-13 13:52:58] INFO: Запуск приложения
[2025-06-13 13:52:58] ERROR: Ошибка инициализации базы данных
No suitable driver found for jdbc:sqlite:sklad.db
[2025-06-13 13:55:38] INFO: Запуск приложения
[2025-06-13 13:55:38] ERROR: Ошибка инициализации базы данных
No suitable driver found for jdbc:sqlite:warehouse.db
[2025-06-13 14:07:26] INFO: Запуск приложения
[2025-06-13 14:07:26] ERROR: Ошибка инициализации базы данных
No suitable driver found for jdbc:sqlite:warehouse.db
[2025-06-13 14:08:10] INFO: Запуск приложения
[2025-06-13 14:08:10] ERROR: Ошибка инициализации базы данных
No suitable driver found for jdbc:sqlite:warehouse.db
[2025-06-13 14:19:38] INFO: Запуск приложения
[2025-06-13 14:19:38] ERROR: Ошибка инициализации базы данных
No suitable driver found for jdbc:mysql://sql8.freesqldatabase.com:3306/sql8784448?useSSL=false&allowPublicKeyRetrieval=true&serverTimezone=UTC
[2025-06-13 14:20:22] INFO: Запуск приложения
[2025-06-13 14:20:22] ERROR: Ошибка инициализации базы данных
No suitable driver found for jdbc:mysql://sql8.freesqldatabase.com:3306/sql8784448?useSSL=false&allowPublicKeyRetrieval=true&serverTimezone=UTC
[2025-06-13 14:23:21] INFO: Запуск приложения
[2025-06-13 14:23:23] INFO: База данных инициализирована
[2025-06-13 14:23:24] INFO: Окно входа открыто
[2025-06-13 14:25:49] INFO: Неудачная попытка входа пользователя: ор
[2025-06-13 14:26:42] INFO: Запуск приложения
[2025-06-13 14:26:44] INFO: База данных инициализирована
[2025-06-13 14:26:45] INFO: Окно входа открыто
[2025-06-13 14:26:58] INFO: Успешный вход пользователя: Asror
[2025-06-13 14:26:58] INFO: Роль пользователя: worker
[2025-06-13 14:27:02] INFO: Работник Asror загрузил данные товаров: 0 записей.
[2025-06-13 14:27:02] INFO: Работник Asror загрузил данные заказов.
[2025-06-13 14:27:02] INFO: Окно работника открыто для пользователя Asror
[2025-06-13 14:27:02] INFO: Открыто окно работника для пользователя: Asror
[2025-06-13 14:27:08] INFO: Работник Asror загрузил данные заказов.
[2025-06-13 14:27:08] INFO: Работник Asror перешел на вкладку заказов.
[2025-06-13 14:27:28] INFO: Работник Asror загрузил данные заказов.
[2025-06-13 14:27:28] INFO: Работник Asror перешел на вкладку заказов.
[2025-06-13 14:27:29] INFO: Работник Asror загрузил данные заказов.
[2025-06-13 14:27:29] INFO: Работник Asror перешел на вкладку заказов.
[2025-06-13 14:27:31] INFO: Работник Asror загрузил данные заказов.
[2025-06-13 14:27:31] INFO: Работник Asror перешел на вкладку заказов.
[2025-06-13 14:27:49] ERROR: Ошибка базы данных при добавлении заказа: Table 'sql8784448.orders' doesn't exist
Table 'sql8784448.orders' doesn't exist
[2025-06-13 14:47:20] INFO: Запуск приложения
[2025-06-13 14:47:20] ERROR: Ошибка инициализации базы данных
No suitable driver found for jdbc:mysql://sql8.freesqldatabase.com:3306/sql8784448?useSSL=false&allowPublicKeyRetrieval=true&serverTimezone=UTC
[2025-06-13 14:47:40] INFO: Запуск приложения
[2025-06-13 14:47:44] INFO: База данных инициализирована
[2025-06-13 14:47:44] INFO: Окно входа открыто
[2025-06-13 14:48:16] INFO: Клиент Asi загрузил данные товаров.
[2025-06-13 14:48:16] INFO: Клиент Asi загрузил данные заказов: 0 записей.
[2025-06-13 14:48:30] INFO: Клиент Asi загрузил данные заказов: 0 записей.
[2025-06-13 14:49:18] INFO: Запуск приложения
[2025-06-13 14:49:22] INFO: База данных инициализирована
[2025-06-13 14:49:22] INFO: Окно входа открыто
[2025-06-13 14:49:31] INFO: Успешный вход пользователя: asi12
[2025-06-13 14:49:31] INFO: Роль пользователя: Admin
[2025-06-13 14:49:37] INFO: Загружены данные товаров: 0 записей
[2025-06-13 14:49:37] INFO: Загружены данные заказов: 0 записей
[2025-06-13 14:49:37] INFO: Открыто окно администратора для пользователя asi12
[2025-06-13 14:49:37] INFO: Открыто окно администратора для пользователя: asi12
[2025-06-13 14:50:18] INFO: Открыт диалог добавления товара
[2025-06-13 14:50:50] ERROR: Ошибка при добавлении товара
Incorrect string value: '\xD0\x9D\xD0\xBE\xD1\x83...' for column 'description' at row 1
[2025-06-13 14:50:53] INFO: Загружены данные товаров: 0 записей
[2025-06-13 14:50:53] INFO: Обновлены данные товаров
[2025-06-13 14:50:56] INFO: Попытка редактирования товара без выбора
[2025-06-13 14:54:44] INFO: Запуск приложения
[2025-06-13 14:54:45] INFO: База данных инициализирована
[2025-06-13 14:54:46] INFO: Окно входа открыто
[2025-06-13 14:55:01] INFO: Неудачная попытка входа пользователя: asi12
[2025-06-13 14:56:32] INFO: Запуск приложения
[2025-06-13 14:56:38] INFO: База данных инициализирована
[2025-06-13 14:56:39] INFO: Окно входа открыто
[2025-06-13 14:56:56] INFO: Успешный вход пользователя: asi12
[2025-06-13 14:56:56] INFO: Роль пользователя: Admin
[2025-06-13 14:57:01] INFO: Загружены данные товаров: 0 записей
[2025-06-13 14:57:01] INFO: Загружены данные заказов: 0 записей
[2025-06-13 14:57:01] INFO: Открыто окно администратора для пользователя asi12
[2025-06-13 14:57:01] INFO: Открыто окно администратора для пользователя: asi12
[2025-06-13 14:57:37] INFO: Открыт диалог добавления товара
[2025-06-13 14:58:11] ERROR: Ошибка при добавлении товара
Incorrect string value: '\xD0\x9D\xD0\xBE\xD1\x83...' for column 'description' at row 1
[2025-06-13 15:00:43] INFO: Запуск приложения
[2025-06-13 15:00:45] INFO: База данных инициализирована
[2025-06-13 15:00:46] INFO: Окно входа открыто
[2025-06-13 15:01:03] INFO: Успешный вход пользователя: asi12
[2025-06-13 15:01:03] INFO: Роль пользователя: Admin
[2025-06-13 15:01:10] INFO: Загружены данные товаров: 0 записей
[2025-06-13 15:01:11] INFO: Загружены данные заказов: 0 записей
[2025-06-13 15:01:11] INFO: Открыто окно администратора для пользователя asi12
[2025-06-13 15:01:11] INFO: Открыто окно администратора для пользователя: asi12
[2025-06-13 15:01:15] INFO: Открыт диалог добавления товара
[2025-06-13 15:01:32] ERROR: Ошибка при добавлении товара
Cannot add or update a child row: a foreign key constraint fails (`sql8784448`.`Products`, CONSTRAINT `Products_ibfk_1` FOREIGN KEY (`added_by`) REFERENCES `Users` (`user_id`) ON DELETE SET NULL)
[2025-06-13 15:01:37] ERROR: Ошибка при добавлении товара
Cannot add or update a child row: a foreign key constraint fails (`sql8784448`.`Products`, CONSTRAINT `Products_ibfk_1` FOREIGN KEY (`added_by`) REFERENCES `Users` (`user_id`) ON DELETE SET NULL)
[2025-06-13 15:01:40] INFO: Загружены данные товаров: 0 записей
[2025-06-13 15:01:40] INFO: Обновлены данные товаров
[2025-06-13 15:05:42] INFO: Запуск приложения
[2025-06-13 15:05:46] INFO: База данных инициализирована
[2025-06-13 15:05:46] INFO: Окно входа открыто
[2025-06-13 15:06:17] INFO: Успешный вход пользователя: asi12
[2025-06-13 15:06:17] INFO: Роль пользователя: Admin
[2025-06-13 15:06:22] INFO: Загружены данные товаров: 0 записей
[2025-06-13 15:06:22] INFO: Загружены данные заказов: 0 записей
[2025-06-13 15:06:22] INFO: Открыто окно администратора для пользователя asi12
[2025-06-13 15:06:22] INFO: Открыто окно администратора для пользователя: asi12
[2025-06-13 15:06:26] INFO: Открыт диалог добавления товара
[2025-06-13 15:06:38] INFO: Добавлен новый товар: rwwr
[2025-06-13 15:06:38] INFO: Загружены данные товаров: 1 записей
[2025-06-13 15:06:56] INFO: Открыт диалог редактирования товара #3
[2025-06-13 15:07:09] INFO: Обновлен товар #3: rwwr
[2025-06-13 15:07:09] INFO: Загружены данные товаров: 1 записей
[2025-06-13 15:07:18] INFO: Загружены данные заказов: 0 записей
[2025-06-13 15:07:18] INFO: Обновлены данные заказов
[2025-06-13 15:07:39] INFO: Загружены данные товаров: 1 записей
[2025-06-13 15:07:39] INFO: Обновлены данные товаров
[2025-06-13 15:07:40] INFO: Загружены данные товаров: 1 записей
[2025-06-13 15:07:40] INFO: Обновлены данные товаров
[2025-06-13 15:07:40] INFO: Загружены данные товаров: 1 записей
[2025-06-13 15:07:40] INFO: Обновлены данные товаров
[2025-06-13 15:07:40] INFO: Загружены данные товаров: 1 записей
[2025-06-13 15:07:40] INFO: Обновлены данные товаров
[2025-06-13 15:07:43] INFO: Загружены данные товаров: 1 записей
[2025-06-13 15:07:43] INFO: Обновлены данные товаров
[2025-06-13 15:07:44] INFO: Загружены данные товаров: 1 записей
[2025-06-13 15:07:44] INFO: Обновлены данные товаров
[2025-06-13 15:08:03] INFO: Запуск приложения
[2025-06-13 15:08:06] INFO: База данных инициализирована
[2025-06-13 15:08:06] INFO: Окно входа открыто
[2025-06-13 15:08:26] INFO: Неудачная попытка входа пользователя: Asi
[2025-06-13 15:08:30] INFO: Успешный вход пользователя: Asi
[2025-06-13 15:08:30] INFO: Роль пользователя: Client
[2025-06-13 15:08:35] INFO: Клиент Asi загрузил данные товаров.
[2025-06-13 15:08:35] INFO: Клиент Asi загрузил данные заказов: 0 записей.
[2025-06-13 15:08:35] INFO: Открыто окно клиента для пользователя: Asi
[2025-06-13 15:08:48] INFO: Клиент Asi загрузил данные заказов: 0 записей.
[2025-06-13 15:08:58] INFO: Клиент Asi загрузил данные заказов: 0 записей.
[2025-06-13 15:09:37] INFO: Клиент Asi загрузил данные товаров.
[2025-06-13 15:09:37] INFO: Клиент Asi обновил данные товаров.
[2025-06-13 15:09:40] INFO: Клиент Asi загрузил данные заказов: 0 записей.
[2025-06-13 15:12:10] INFO: Запуск приложения
[2025-06-13 15:12:13] INFO: База данных инициализирована
[2025-06-13 15:12:13] INFO: Окно входа открыто
[2025-06-13 15:12:24] INFO: Успешный вход пользователя: Asror
[2025-06-13 15:12:24] INFO: Роль пользователя: worker
[2025-06-13 15:12:28] INFO: Работник Asror загрузил данные товаров: 1 записей.
[2025-06-13 15:12:28] INFO: Работник Asror загрузил данные заказов.
[2025-06-13 15:12:28] INFO: Окно работника открыто для пользователя Asror
[2025-06-13 15:12:28] INFO: Открыто окно работника для пользователя: Asror
[2025-06-13 15:12:37] INFO: Работник Asror загрузил данные заказов.
[2025-06-13 15:12:37] INFO: Работник Asror перешел на вкладку заказов.
[2025-06-13 16:18:22] INFO: Запуск приложения
[2025-06-13 16:18:23] INFO: База данных инициализирована
[2025-06-13 16:18:24] INFO: Окно входа открыто
[2025-06-13 16:18:49] INFO: Неудачная попытка входа пользователя: Asi
[2025-06-13 16:18:59] INFO: Успешный вход пользователя: Asi
[2025-06-13 16:18:59] INFO: Роль пользователя: Client
[2025-06-13 16:19:05] INFO: Клиент Asi загрузил данные товаров.
[2025-06-13 16:19:05] INFO: Клиент Asi загрузил данные заказов: 0 записей.
[2025-06-13 16:19:05] INFO: Открыто окно клиента для пользователя: Asi
[2025-06-13 16:19:25] INFO: Клиент Asi загрузил данные заказов: 0 записей.
[2025-06-13 16:19:36] INFO: Клиент Asi загрузил данные заказов: 0 записей.
[2025-06-13 16:19:49] INFO: Запуск приложения
[2025-06-13 16:19:52] INFO: База данных инициализирована
[2025-06-13 16:19:52] INFO: Окно входа открыто
[2025-06-13 16:20:06] INFO: Успешный вход пользователя: Asror
[2025-06-13 16:20:06] INFO: Роль пользователя: worker
[2025-06-13 16:20:11] INFO: Работник Asror загрузил данные заказов: 0 записей
[2025-06-13 16:20:11] INFO: Окно работника открыто для пользователя Asror
[2025-06-13 16:20:11] INFO: Открыто окно работника для пользователя: Asror
[2025-06-13 16:20:14] INFO: Работник Asror загрузил данные заказов: 0 записей
[2025-06-13 16:20:17] INFO: Работник Asror загрузил данные заказов: 0 записей
[2025-06-13 16:20:17] INFO: Работник Asror перешел на вкладку заказов.
[2025-06-13 16:20:18] INFO: Работник Asror загрузил данные заказов: 0 записей
[2025-06-13 16:20:30] INFO: Работник Asror загрузил данные заказов: 0 записей
[2025-06-13 16:29:26] INFO: Запуск приложения
[2025-06-13 16:29:28] INFO: База данных инициализирована
[2025-06-13 16:29:29] INFO: Окно входа открыто
[2025-06-13 16:29:46] INFO: Успешный вход пользователя: Asi
[2025-06-13 16:29:46] INFO: Роль пользователя: Client
[2025-06-13 16:29:50] INFO: Клиент Asi загрузил данные товаров.
[2025-06-13 16:29:50] INFO: Открыто окно клиента для пользователя: Asi
[2025-06-13 16:30:04] INFO: Клиент Asi загрузил данные товаров.
[2025-06-13 16:30:04] INFO: Клиент Asi обновил данные товаров.
[2025-06-13 16:30:40] INFO: Клиент Asi загрузил данные товаров.
[2025-06-13 16:30:40] INFO: Клиент Asi обновил данные товаров.
[2025-06-13 16:30:40] INFO: Клиент Asi загрузил данные товаров.
[2025-06-13 16:30:40] INFO: Клиент Asi обновил данные товаров.
[2025-06-13 16:30:40] INFO: Клиент Asi загрузил данные товаров.
[2025-06-13 16:30:40] INFO: Клиент Asi обновил данные товаров.
[2025-06-13 16:30:58] INFO: Запуск приложения
[2025-06-13 16:31:00] INFO: База данных инициализирована
[2025-06-13 16:31:01] INFO: Окно входа открыто
[2025-06-13 16:31:08] INFO: Успешный вход пользователя: Asror
[2025-06-13 16:31:08] INFO: Роль пользователя: worker
[2025-06-13 16:31:13] INFO: Работник Asror загрузил данные заказов: 0 записей
[2025-06-13 16:31:13] INFO: Окно работника открыто для пользователя Asror
[2025-06-13 16:31:13] INFO: Открыто окно работника для пользователя: Asror
[2025-06-13 16:31:15] INFO: Работник Asror загрузил данные заказов: 0 записей
[2025-06-13 16:31:16] INFO: Работник Asror загрузил данные заказов: 0 записей
[2025-06-13 16:31:16] INFO: Работник Asror загрузил данные заказов: 0 записей
[2025-06-13 16:31:17] INFO: Работник Asror загрузил данные заказов: 0 записей
[2025-06-13 16:31:17] INFO: Работник Asror перешел на вкладку заказов.
[2025-06-13 16:31:46] INFO: Запуск приложения
[2025-06-13 16:31:48] INFO: База данных инициализирована
[2025-06-13 16:31:49] INFO: Окно входа открыто
[2025-06-13 16:32:00] INFO: Успешный вход пользователя: Asi
[2025-06-13 16:32:00] INFO: Роль пользователя: Client
[2025-06-13 16:32:04] INFO: Клиент Asi загрузил данные товаров.
[2025-06-13 16:32:05] INFO: Открыто окно клиента для пользователя: Asi
[2025-06-13 16:46:26] INFO: Запуск приложения
[2025-06-13 16:46:33] INFO: База данных инициализирована
[2025-06-13 16:46:33] INFO: Окно входа открыто
[2025-06-13 16:46:44] INFO: Успешный вход пользователя: Asi
[2025-06-13 16:46:44] INFO: Роль пользователя: Client
[2025-06-13 16:46:49] INFO: Клиент Asi загрузил данные товаров.
[2025-06-13 16:46:50] INFO: Открыто окно клиента для пользователя: Asi
[2025-06-13 16:50:01] INFO: Запуск приложения
[2025-06-13 16:50:03] INFO: База данных инициализирована
[2025-06-13 16:50:03] INFO: Окно входа открыто
[2025-06-13 16:50:13] INFO: Успешный вход пользователя: Asi
[2025-06-13 16:50:13] INFO: Роль пользователя: Client
[2025-06-13 16:50:18] INFO: Клиент Asi загрузил данные товаров.
[2025-06-13 16:50:19] INFO: Открыто окно клиента для пользователя: Asi
[2025-06-13 16:52:25] INFO: Запуск приложения
[2025-06-13 16:52:27] INFO: База данных инициализирована
[2025-06-13 16:52:27] INFO: Окно входа открыто
[2025-06-13 16:52:39] INFO: Успешный вход пользователя: Asi
[2025-06-13 16:52:39] INFO: Роль пользователя: Client
[2025-06-13 16:52:42] INFO: Клиент Asi загрузил данные товаров.
[2025-06-13 16:52:42] INFO: Открыто окно клиента для пользователя: Asi
[2025-06-13 16:55:56] INFO: Запуск приложения
[2025-06-13 16:55:58] INFO: База данных инициализирована
[2025-06-13 16:55:58] INFO: Окно входа открыто
[2025-06-13 16:56:07] INFO: Успешный вход пользователя: Asi
[2025-06-13 16:56:07] INFO: Роль пользователя: Client
[2025-06-13 16:56:11] INFO: Клиент Asi загрузил данные товаров.
[2025-06-13 16:56:11] INFO: Открыто окно клиента для пользователя: Asi
[2025-06-13 17:00:49] INFO: Запуск приложения
[2025-06-13 17:00:52] INFO: База данных инициализирована
[2025-06-13 17:00:52] INFO: Окно входа открыто
[2025-06-13 17:01:02] INFO: Неудачная попытка входа пользователя: Asi
[2025-06-13 17:01:55] INFO: Клиент Asi загрузил данные товаров.
[2025-06-13 17:02:10] INFO: Запуск приложения
[2025-06-13 17:02:13] INFO: База данных инициализирована
[2025-06-13 17:02:13] INFO: Окно входа открыто
[2025-06-13 17:02:25] INFO: Неудачная попытка входа пользователя: 
[2025-06-13 17:03:01] INFO: Загружены данные товаров: 0 записей
[2025-06-13 17:03:02] INFO: Открыто окно администратора для пользователя Gleb
[2025-06-13 17:03:06] INFO: Открыт диалог добавления товара
[2025-06-13 17:03:25] INFO: Добавлен новый товар: Lenova
[2025-06-13 17:03:25] INFO: Загружены данные товаров: 1 записей
[2025-06-13 17:03:27] INFO: Открыт диалог добавления товара
[2025-06-13 17:03:54] INFO: Добавлен новый товар: samsung
[2025-06-13 17:03:54] INFO: Загружены данные товаров: 2 записей
[2025-06-13 17:04:12] INFO: Запуск приложения
[2025-06-13 17:04:18] INFO: База данных инициализирована
[2025-06-13 17:04:18] INFO: Окно входа открыто
[2025-06-13 17:04:27] INFO: Неудачная попытка входа пользователя: Asi
[2025-06-13 17:04:33] INFO: Неудачная попытка входа пользователя: Asi
[2025-06-13 17:06:34] INFO: Клиент Asi загрузил данные товаров.
[2025-06-13 17:06:51] INFO: Запуск приложения
[2025-06-13 17:06:55] INFO: База данных инициализирована
[2025-06-13 17:06:55] INFO: Окно входа открыто
[2025-06-13 17:07:04] INFO: Неудачная попытка входа пользователя: Gleb
[2025-06-13 17:07:35] INFO: Запуск приложения
[2025-06-13 17:07:37] INFO: База данных инициализирована
[2025-06-13 17:07:38] INFO: Окно входа открыто
[2025-06-13 17:08:08] INFO: Загружены данные товаров: 0 записей
[2025-06-13 17:08:08] INFO: Открыто окно администратора для пользователя Gleb
[2025-06-13 17:08:14] INFO: Открыт диалог добавления товара
[2025-06-13 17:08:29] INFO: Добавлен новый товар: Lenova
[2025-06-13 17:08:30] INFO: Загружены данные товаров: 1 записей
[2025-06-13 17:08:46] INFO: Открыт диалог добавления товара
[2025-06-13 17:09:10] INFO: Добавлен новый товар: Samsung
[2025-06-13 17:09:10] INFO: Загружены данные товаров: 2 записей
[2025-06-13 17:09:13] INFO: Загружены данные товаров: 2 записей
[2025-06-13 17:09:13] INFO: Обновлены данные товаров
[2025-06-13 17:09:30] INFO: Запуск приложения
[2025-06-13 17:09:32] INFO: База данных инициализирована
[2025-06-13 17:09:33] INFO: Окно входа открыто
[2025-06-13 17:09:59] INFO: Клиент Asi загрузил данные товаров.
[2025-06-13 17:13:18] INFO: Запуск приложения
[2025-06-13 17:13:20] INFO: База данных инициализирована
[2025-06-13 17:13:20] INFO: Окно входа открыто
[2025-06-13 17:13:27] INFO: Успешный вход пользователя: Asi
[2025-06-13 17:13:27] INFO: Роль пользователя: Client
[2025-06-13 17:13:29] INFO: Клиент Asi загрузил данные товаров.
[2025-06-13 17:14:11] INFO: Открыто окно клиента для пользователя: Asi
[2025-06-13 17:16:32] INFO: Запуск приложения
[2025-06-13 17:16:38] INFO: База данных инициализирована
[2025-06-13 17:16:39] INFO: Окно входа открыто
[2025-06-13 17:16:49] INFO: Успешный вход пользователя: Asi
[2025-06-13 17:16:49] INFO: Роль пользователя: Client
[2025-06-13 17:16:54] INFO: Клиент Asi загрузил данные товаров.
[2025-06-13 17:16:55] INFO: Открыто окно клиента для пользователя: Asi
[2025-06-13 17:18:45] INFO: Запуск приложения
[2025-06-13 17:18:48] INFO: База данных инициализирована
[2025-06-13 17:18:49] INFO: Окно входа открыто
[2025-06-13 17:18:59] INFO: Успешный вход пользователя: Asi
[2025-06-13 17:18:59] INFO: Роль пользователя: Client
[2025-06-13 17:19:01] INFO: Клиент Asi загрузил данные товаров.
[2025-06-13 17:19:02] INFO: Открыто окно клиента для пользователя: Asi
[2025-06-13 17:23:07] INFO: Запуск приложения
[2025-06-13 17:23:11] INFO: База данных инициализирована
[2025-06-13 17:23:12] INFO: Окно входа открыто
[2025-06-13 17:23:19] INFO: Успешный вход пользователя: Asi
[2025-06-13 17:23:19] INFO: Роль пользователя: Client
[2025-06-13 17:23:22] INFO: Клиент Asi загрузил данные товаров.
[2025-06-13 17:23:22] INFO: Открыто окно клиента для пользователя: Asi
[2025-06-13 17:29:06] INFO: Запуск приложения
[2025-06-13 17:29:11] INFO: База данных инициализирована
[2025-06-13 17:29:12] INFO: Окно входа открыто
[2025-06-13 17:29:22] INFO: Успешный вход пользователя: Asi
[2025-06-13 17:29:22] INFO: Роль пользователя: Client
[2025-06-13 17:29:25] INFO: Клиент Asi загрузил данные товаров.
[2025-06-13 17:29:25] INFO: Открыто окно клиента для пользователя: Asi
[2025-06-13 17:30:10] INFO: Запуск приложения
[2025-06-13 17:30:14] INFO: База данных инициализирована
[2025-06-13 17:30:14] INFO: Окно входа открыто
[2025-06-13 17:30:23] INFO: Успешный вход пользователя: Asi
[2025-06-13 17:30:23] INFO: Роль пользователя: Client
[2025-06-13 17:30:26] INFO: Клиент Asi загрузил данные товаров.
[2025-06-13 17:30:26] INFO: Открыто окно клиента для пользователя: Asi
[2025-06-13 17:32:11] INFO: Запуск приложения
[2025-06-13 17:32:15] INFO: База данных инициализирована
[2025-06-13 17:32:15] INFO: Окно входа открыто
[2025-06-13 17:32:49] INFO: Успешный вход пользователя: Asi
[2025-06-13 17:32:49] INFO: Роль пользователя: Client
[2025-06-13 17:32:53] INFO: Клиент Asi загрузил данные товаров.
[2025-06-13 17:32:53] INFO: Открыто окно клиента для пользователя: Asi
[2025-06-13 17:37:23] INFO: Запуск приложения
[2025-06-13 17:37:27] INFO: База данных инициализирована
[2025-06-13 17:37:28] INFO: Окно входа открыто
[2025-06-13 17:37:41] INFO: Успешный вход пользователя: Asi
[2025-06-13 17:37:41] INFO: Роль пользователя: Client
[2025-06-13 17:37:45] INFO: Клиент Asi загрузил данные товаров.
[2025-06-13 17:37:45] INFO: Открыто окно клиента для пользователя: Asi
[2025-06-13 17:53:43] INFO: Запуск приложения
[2025-06-13 17:53:48] INFO: База данных инициализирована
[2025-06-13 17:53:48] INFO: Окно входа открыто
[2025-06-13 17:53:56] INFO: Успешный вход пользователя: Asi
[2025-06-13 17:53:56] INFO: Роль пользователя: Client
[2025-06-13 17:53:58] INFO: Клиент Asi загрузил данные товаров.
[2025-06-13 17:53:59] INFO: Открыто окно клиента для пользователя: Asi
[2025-06-13 17:55:21] INFO: Клиент Asi загрузил данные товаров.
[2025-06-13 17:55:21] INFO: Клиент Asi обновил данные товаров.
[2025-06-13 17:55:45] INFO: Запуск приложения
[2025-06-13 17:55:49] INFO: База данных инициализирована
[2025-06-13 17:55:49] INFO: Окно входа открыто
[2025-06-13 17:56:36] INFO: Окно работника открыто для пользователя Asror
[2025-06-13 17:56:56] INFO: Запуск приложения
[2025-06-13 17:57:02] INFO: База данных инициализирована
[2025-06-13 17:57:02] INFO: Окно входа открыто
[2025-06-13 17:57:11] INFO: Успешный вход пользователя: Asror
[2025-06-13 17:57:11] INFO: Роль пользователя: Worker
[2025-06-13 17:57:16] INFO: Окно работника открыто для пользователя Asror
[2025-06-13 17:57:16] INFO: Открыто окно работника для пользователя: Asror
[2025-06-13 17:57:21] INFO: Работник Asror перешел на вкладку заказов.
[2025-06-13 17:57:29] INFO: Работник Asror перешел на вкладку заказов.
[2025-06-13 18:06:04] INFO: Запуск приложения
[2025-06-13 18:06:11] INFO: База данных инициализирована
[2025-06-13 18:06:12] INFO: Окно входа открыто
[2025-06-13 18:06:28] INFO: Успешный вход пользователя: Asi
[2025-06-13 18:06:28] INFO: Роль пользователя: Client
[2025-06-13 18:06:31] INFO: Клиент Asi загрузил данные товаров.
[2025-06-13 18:06:31] INFO: Открыто окно клиента для пользователя: Asi
[2025-06-13 18:07:49] INFO: Запуск приложения
[2025-06-13 18:07:53] INFO: База данных инициализирована
[2025-06-13 18:07:54] INFO: Окно входа открыто
[2025-06-13 18:08:02] INFO: Успешный вход пользователя: Asror
[2025-06-13 18:08:02] INFO: Роль пользователя: Worker
[2025-06-13 18:08:06] INFO: Окно работника открыто для пользователя Asror
[2025-06-13 18:08:06] INFO: Открыто окно работника для пользователя: Asror
[2025-06-13 18:08:13] INFO: Работник Asror перешел на вкладку заказов.
[2025-06-13 18:08:13] INFO: Работник Asror перешел на вкладку заказов.
[2025-06-13 18:08:15] INFO: Работник Asror перешел на вкладку заказов.
[2025-06-13 18:12:42] INFO: Запуск приложения
[2025-06-13 18:12:46] INFO: База данных инициализирована
[2025-06-13 18:12:47] INFO: Окно входа открыто
[2025-06-13 18:13:41] INFO: Успешный вход пользователя: Asi
[2025-06-13 18:13:41] INFO: Роль пользователя: Client
[2025-06-13 18:13:46] INFO: Клиент Asi загрузил данные товаров.
[2025-06-13 18:13:47] INFO: Открыто окно клиента для пользователя: Asi
[2025-06-13 18:14:53] INFO: Запуск приложения
[2025-06-13 18:14:56] INFO: База данных инициализирована
[2025-06-13 18:14:57] INFO: Окно входа открыто
[2025-06-13 18:16:57] INFO: Успешный вход пользователя: Asror
[2025-06-13 18:16:57] INFO: Роль пользователя: Worker
[2025-06-13 18:17:02] INFO: Окно работника открыто для пользователя Asror
[2025-06-13 18:17:02] INFO: Открыто окно работника для пользователя: Asror
[2025-06-13 18:18:03] INFO: Работник Asror добавил новый заказ для клиента ID 2
[2025-06-13 18:18:42] INFO: Работник Asror изменил статус заказа 1 на Подтвержден
[2025-06-13 18:19:21] INFO: Запуск приложения
[2025-06-13 18:19:27] INFO: База данных инициализирована
[2025-06-13 18:19:27] INFO: Окно входа открыто
[2025-06-13 18:19:33] INFO: Успешный вход пользователя: Asi
[2025-06-13 18:19:33] INFO: Роль пользователя: Client
[2025-06-13 18:19:37] INFO: Клиент Asi загрузил данные товаров.
[2025-06-13 18:19:37] INFO: Открыто окно клиента для пользователя: Asi
[2025-06-13 18:20:41] INFO: Запуск приложения
[2025-06-13 18:20:45] INFO: База данных инициализирована
[2025-06-13 18:20:45] INFO: Окно входа открыто
[2025-06-13 18:20:54] INFO: Успешный вход пользователя: Asror
[2025-06-13 18:20:54] INFO: Роль пользователя: Worker
[2025-06-13 18:20:58] INFO: Окно работника открыто для пользователя Asror
[2025-06-13 18:20:58] INFO: Открыто окно работника для пользователя: Asror
[2025-06-13 18:26:08] INFO: Запуск приложения
[2025-06-13 18:26:12] INFO: База данных инициализирована
[2025-06-13 18:26:13] INFO: Окно входа открыто
[2025-06-13 18:26:20] INFO: Успешный вход пользователя: Asi
[2025-06-13 18:26:20] INFO: Роль пользователя: Client
[2025-06-13 18:26:24] INFO: Клиент Asi загрузил данные товаров.
[2025-06-13 18:26:24] INFO: Открыто окно клиента для пользователя: Asi
[2025-06-13 18:27:10] INFO: Запуск приложения
[2025-06-13 18:27:13] INFO: База данных инициализирована
[2025-06-13 18:27:14] INFO: Окно входа открыто
[2025-06-13 18:27:22] INFO: Успешный вход пользователя: Asror
[2025-06-13 18:27:22] INFO: Роль пользователя: Worker
[2025-06-13 18:27:27] INFO: Окно работника открыто для пользователя Asror
[2025-06-13 18:27:27] INFO: Открыто окно работника для пользователя: Asror
[2025-06-13 18:28:09] INFO: Работник Asror изменил статус заказа 1 на В пути
[2025-06-13 18:28:38] INFO: Запуск приложения
[2025-06-13 18:28:41] INFO: База данных инициализирована
[2025-06-13 18:28:41] INFO: Окно входа открыто
[2025-06-13 18:28:52] INFO: Успешный вход пользователя: Asi
[2025-06-13 18:28:52] INFO: Роль пользователя: Client
[2025-06-13 18:28:54] INFO: Клиент Asi загрузил данные товаров.
[2025-06-13 18:28:54] INFO: Открыто окно клиента для пользователя: Asi
[2025-06-13 18:36:56] INFO: Запуск приложения
[2025-06-13 18:36:59] INFO: База данных инициализирована
[2025-06-13 18:37:00] INFO: Окно входа открыто
[2025-06-13 18:37:36] INFO: Клиент we загрузил данные товаров.
[2025-06-13 18:37:49] INFO: Клиент we загрузил данные товаров.
[2025-06-13 18:37:49] INFO: Клиент we обновил данные товаров.
[2025-06-13 18:39:41] INFO: Запуск приложения
[2025-06-13 18:39:43] INFO: База данных инициализирована
[2025-06-13 18:39:43] INFO: Окно входа открыто
[2025-06-13 18:39:55] INFO: Успешный вход пользователя: Gleb
[2025-06-13 18:39:55] INFO: Роль пользователя: Admin
[2025-06-13 18:40:04] INFO: Загружены данные товаров: 2 записей
[2025-06-13 18:40:04] INFO: Открыто окно администратора для пользователя Gleb
[2025-06-13 18:40:05] INFO: Открыто окно администратора для пользователя: Gleb
[2025-06-13 18:41:39] INFO: Запуск приложения
[2025-06-13 18:41:43] INFO: База данных инициализирована
[2025-06-13 18:41:43] INFO: Окно входа открыто
[2025-06-13 18:41:55] INFO: Успешный вход пользователя: Gleb
[2025-06-13 18:41:55] INFO: Роль пользователя: Admin
[2025-06-13 18:42:00] INFO: Загружены данные товаров: 2 записей
[2025-06-13 18:42:00] INFO: Открыто окно администратора для пользователя Gleb
[2025-06-13 18:42:00] INFO: Открыто окно администратора для пользователя: Gleb
[2025-06-13 18:42:30] INFO: Открыт диалог редактирования товара #1
[2025-06-13 18:42:55] INFO: Открыт диалог добавления товара
[2025-06-13 18:43:25] INFO: Открыт диалог добавления товара
[2025-06-13 18:44:07] INFO: Добавлен новый товар: IPhone
[2025-06-13 18:44:08] INFO: Загружены данные товаров: 3 записей
[2025-06-13 18:47:23] INFO: Запуск приложения
[2025-06-13 18:47:26] INFO: База данных инициализирована
[2025-06-13 18:47:26] INFO: Окно входа открыто
[2025-06-13 19:28:24] INFO: Запуск приложения
[2025-06-13 19:28:28] INFO: База данных инициализирована
[2025-06-13 19:28:29] INFO: Окно входа открыто
[2025-06-13 19:36:06] INFO: Запуск приложения
[2025-06-13 19:36:10] INFO: База данных инициализирована
[2025-06-13 19:36:10] INFO: Окно входа открыто
[2025-06-13 19:39:44] INFO: Запуск приложения
[2025-06-13 19:39:48] INFO: База данных инициализирована
[2025-06-13 19:39:48] INFO: Окно входа открыто
[2025-06-13 19:39:58] INFO: Успешный вход пользователя: Asi
[2025-06-13 19:39:58] INFO: Роль пользователя: Client
[2025-06-13 19:40:01] INFO: Клиент Asi загрузил данные товаров.
[2025-06-13 19:40:02] INFO: Открыто окно клиента для пользователя: Asi
[2025-06-13 19:41:14] INFO: Запуск приложения
[2025-06-13 19:41:19] INFO: База данных инициализирована
[2025-06-13 19:41:19] INFO: Окно входа открыто
[2025-06-13 19:41:27] INFO: Успешный вход пользователя: Gleb
[2025-06-13 19:41:27] INFO: Роль пользователя: Admin
[2025-06-13 19:41:33] INFO: Загружены данные товаров: 3 записей
[2025-06-13 19:41:37] INFO: Открыто окно администратора для пользователя Gleb
[2025-06-13 19:41:37] INFO: Открыто окно администратора для пользователя: Gleb
[2025-06-13 19:44:59] INFO: Запуск приложения
[2025-06-13 19:45:03] INFO: База данных инициализирована
[2025-06-13 19:45:03] INFO: Окно входа открыто
[2025-06-13 19:45:26] INFO: Клиент QW загрузил данные товаров.
[2025-06-13 20:18:07] INFO: Запуск приложения
[2025-06-13 20:18:10] INFO: База данных инициализирована
[2025-06-13 20:18:10] INFO: Окно входа открыто
[2025-06-13 20:21:28] INFO: Неудачная попытка входа пользователя: admin_ph
[2025-06-13 20:30:25] INFO: Запуск приложения
[2025-06-13 20:30:27] INFO: База данных инициализирована
[2025-06-13 20:30:28] INFO: Окно входа открыто
[2025-06-13 20:30:44] INFO: Неудачная попытка входа пользователя: admin_ph
[2025-06-13 20:31:06] INFO: Неудачная попытка входа пользователя: admin_ph
[2025-06-13 20:31:39] INFO: Неудачная попытка входа пользователя: admin_ph
[2025-06-13 20:33:19] INFO: Запуск приложения
[2025-06-13 20:33:23] INFO: База данных инициализирована
[2025-06-13 20:33:23] INFO: Окно входа открыто
[2025-06-13 20:33:35] INFO: Неудачная попытка входа пользователя: admin
[2025-06-13 20:33:44] INFO: Неудачная попытка входа пользователя: admin
[2025-06-13 20:40:05] INFO: Запуск приложения
[2025-06-13 20:40:09] INFO: База данных инициализирована
[2025-06-13 20:40:10] INFO: Окно входа открыто
[2025-06-13 20:40:21] INFO: Успешный вход пользователя: admin_ph
[2025-06-13 20:40:21] INFO: Роль пользователя: admin_ph
[2025-06-13 20:40:25] INFO: Открыто окно Admin_Ph для пользователя: admin_ph
[2025-06-13 20:41:55] INFO: Запуск приложения
[2025-06-13 20:41:58] INFO: База данных инициализирована
[2025-06-13 20:41:58] INFO: Окно входа открыто
[2025-06-13 20:42:09] INFO: Успешный вход пользователя: admin_ph
[2025-06-13 20:42:09] INFO: Роль пользователя: admin_ph
[2025-06-13 20:42:13] INFO: Открыто окно Admin_Ph для пользователя: admin_ph
[2025-06-15 15:22:11] INFO: Запуск приложения
[2025-06-15 15:22:13] INFO: База данных инициализирована
[2025-06-15 15:22:15] INFO: Окно входа открыто
[2025-06-15 15:22:36] INFO: Успешный вход пользователя: admin_ph
[2025-06-15 15:22:36] INFO: Роль пользователя: admin_ph
[2025-06-15 15:22:38] INFO: Открыто окно Admin_Ph для пользователя: admin_ph
[2025-06-15 18:22:59] INFO: Запуск приложения
[2025-06-15 18:23:01] INFO: База данных инициализирована
[2025-06-15 18:23:01] INFO: Окно входа открыто
[2025-06-15 18:23:13] INFO: Успешный вход пользователя: admin_ph
[2025-06-15 18:23:13] INFO: Роль пользователя: admin_ph
[2025-06-15 18:23:14] INFO: Открыто окно Admin_Ph для пользователя: admin_ph
[2025-06-15 19:20:01] INFO: Запуск приложения
[2025-06-15 19:20:04] INFO: База данных инициализирована
[2025-06-15 19:20:05] INFO: Окно входа открыто
[2025-06-15 19:20:16] INFO: Успешный вход пользователя: admin_ph
[2025-06-15 19:20:16] INFO: Роль пользователя: admin_ph
[2025-06-15 19:20:17] INFO: Открыто окно Admin_Ph для пользователя: admin_ph
[2025-06-15 19:24:01] INFO: Запуск приложения
[2025-06-15 19:24:03] INFO: База данных инициализирована
[2025-06-15 19:24:04] INFO: Окно входа открыто
[2025-06-15 19:24:15] INFO: Успешный вход пользователя: admin_ph
[2025-06-15 19:24:15] INFO: Роль пользователя: admin_ph
[2025-06-15 19:24:16] INFO: Открыто окно Admin_Ph для пользователя: admin_ph
[2025-06-16 11:08:31] INFO: Запуск приложения
[2025-06-16 11:10:12] INFO: Запуск приложения
[2025-06-16 11:10:16] INFO: База данных инициализирована
[2025-06-16 11:10:16] INFO: Окно входа открыто
[2025-06-16 11:10:30] INFO: Успешный вход пользователя: admin_ph
[2025-06-16 11:10:30] INFO: Роль пользователя: admin_ph
[2025-06-16 11:10:32] INFO: Открыто окно Admin_Ph для пользователя: admin_ph
[2025-06-16 11:10:48] INFO: Запуск приложения
[2025-06-16 11:10:51] INFO: База данных инициализирована
[2025-06-16 11:10:51] INFO: Окно входа открыто
[2025-06-16 11:11:00] INFO: Успешный вход пользователя: Gleb
[2025-06-16 11:11:00] INFO: Роль пользователя: Admin
[2025-06-16 11:11:05] INFO: Загружены данные товаров: 4 записей
[2025-06-16 11:11:07] INFO: Открыто окно администратора для пользователя Gleb
[2025-06-16 11:11:07] INFO: Открыто окно администратора для пользователя: Gleb
[2025-06-16 11:14:39] INFO: Запуск приложения
[2025-06-16 11:14:42] INFO: База данных инициализирована
[2025-06-16 11:14:42] INFO: Окно входа открыто
[2025-06-16 11:14:59] INFO: Успешный вход пользователя: as
[2025-06-16 11:14:59] INFO: Роль пользователя: Клиент
[2025-06-16 11:16:07] INFO: Запуск приложения
[2025-06-16 11:16:10] INFO: База данных инициализирована
[2025-06-16 11:16:10] INFO: Окно входа открыто
[2025-06-16 11:16:48] INFO: Клиент rt загрузил данные товаров.
[2025-06-16 11:17:19] INFO: Клиент rt загрузил данные товаров.
[2025-06-16 11:17:19] INFO: Клиент rt обновил данные товаров.
[2025-06-16 11:22:56] INFO: Запуск приложения
[2025-06-16 11:22:59] INFO: База данных инициализирована
[2025-06-16 11:23:00] INFO: Окно входа открыто
[2025-06-16 11:23:10] INFO: Успешный вход пользователя: rt
[2025-06-16 11:23:10] INFO: Роль пользователя: Клиент
[2025-06-16 11:24:44] INFO: Запуск приложения
[2025-06-16 11:24:48] INFO: База данных инициализирована
[2025-06-16 11:24:48] INFO: Окно входа открыто
[2025-06-16 11:24:55] INFO: Попытка входа пользователя: rt
[2025-06-16 11:24:57] INFO: Успешный вход пользователя: rt
[2025-06-16 11:24:57] INFO: Роль пользователя: Клиент
[2025-06-16 11:25:49] INFO: Запуск приложения
[2025-06-16 11:25:53] INFO: База данных инициализирована
[2025-06-16 11:25:53] INFO: Окно входа открыто
[2025-06-16 11:25:59] INFO: Попытка входа пользователя: rt
[2025-06-16 11:26:00] INFO: Успешный вход пользователя: rt
[2025-06-16 11:26:00] INFO: Роль пользователя: Клиент
[2025-06-16 11:27:20] INFO: Запуск приложения
[2025-06-16 11:27:24] INFO: База данных инициализирована
[2025-06-16 11:27:24] INFO: Окно входа открыто
[2025-06-16 11:27:33] INFO: Попытка входа пользователя: rt
[2025-06-16 11:27:34] INFO: Успешный вход пользователя: rt
[2025-06-16 11:27:34] INFO: Роль пользователя: Клиент
[2025-06-16 11:27:41] INFO: Запуск приложения
[2025-06-16 11:27:45] INFO: База данных инициализирована
[2025-06-16 11:27:45] INFO: Окно входа открыто
[2025-06-16 11:28:14] INFO: Попытка входа пользователя: admin_ph
[2025-06-16 11:28:15] INFO: Успешный вход пользователя: admin_ph
[2025-06-16 11:28:15] INFO: Роль пользователя: admin_ph
[2025-06-16 11:28:17] INFO: Открыто окно Admin_Ph для пользователя: admin_ph
[2025-06-16 11:30:35] INFO: Запуск приложения
[2025-06-16 11:30:39] INFO: База данных инициализирована
[2025-06-16 11:30:39] INFO: Окно входа открыто
[2025-06-16 11:30:54] INFO: Попытка входа пользователя: rt
[2025-06-16 11:30:55] INFO: Неудачная попытка входа пользователя: rt
[2025-06-16 11:30:59] INFO: Попытка входа пользователя: rt
[2025-06-16 11:31:00] INFO: Успешный вход пользователя: rt
[2025-06-16 11:31:00] INFO: Роль пользователя: Клиент
[2025-06-16 11:32:59] INFO: Запуск приложения
[2025-06-16 11:33:02] INFO: База данных инициализирована
[2025-06-16 11:33:03] INFO: Окно входа открыто
[2025-06-16 11:33:11] INFO: Попытка входа пользователя: rt
[2025-06-16 11:33:11] INFO: Успешный вход пользователя: rt
[2025-06-16 11:33:11] INFO: Роль пользователя: Клиент
[2025-06-16 11:43:24] INFO: Запуск приложения
[2025-06-16 11:43:28] INFO: База данных инициализирована
[2025-06-16 11:43:28] INFO: Окно входа открыто
[2025-06-16 11:43:35] INFO: Попытка входа пользователя: rt
[2025-06-16 11:43:38] INFO: Успешный вход пользователя: rt
[2025-06-16 11:43:38] INFO: Роль пользователя: Клиент
[2025-06-16 11:48:28] INFO: Запуск приложения
[2025-06-16 11:48:35] INFO: База данных инициализирована
[2025-06-16 11:48:35] INFO: Окно входа открыто
[2025-06-16 11:48:45] INFO: Попытка входа пользователя: rt
[2025-06-16 11:48:47] INFO: Успешный вход пользователя: rt
[2025-06-16 11:48:47] INFO: Роль пользователя (нормализованная): клиент
[2025-06-16 11:49:00] ERROR: Неожиданная ошибка при входе
Cannot invoke "java.lang.Throwable.getMessage()" because "<parameter2>" is null
[2025-06-16 11:53:14] INFO: Запуск приложения
[2025-06-16 11:53:17] INFO: База данных инициализирована
[2025-06-16 11:53:19] INFO: Окно входа открыто
[2025-06-16 11:53:29] INFO: Неудачная попытка входа для пользователя: rt
[2025-06-16 11:53:42] INFO: Неудачная попытка входа для пользователя: rt
[2025-06-16 11:54:09] INFO: Неудачная попытка входа для пользователя: Wees
[2025-06-16 11:54:54] INFO: Клиент jon загрузил данные товаров.
[2025-06-16 11:55:23] INFO: Выход пользователя: jon
[2025-06-16 11:55:27] INFO: Запуск приложения
[2025-06-16 11:55:32] INFO: База данных инициализирована
[2025-06-16 11:55:33] INFO: Окно входа открыто
[2025-06-16 11:55:42] INFO: Неудачная попытка входа для пользователя: jon
[2025-06-16 11:57:07] INFO: Неудачная попытка входа для пользователя: Artem
[2025-06-16 11:58:14] INFO: Запуск приложения
[2025-06-16 11:58:17] INFO: База данных инициализирована
[2025-06-16 11:58:18] INFO: Окно входа открыто
[2025-06-16 11:58:27] INFO: Успешный вход пользователя: Artem
[2025-06-16 11:58:27] INFO: Роль пользователя: 'клиент'
[2025-06-16 11:58:30] ERROR: Неизвестная роль пользователя: 'клиент' для: Artem
[2025-06-16 11:58:46] INFO: Успешный вход пользователя: jon
[2025-06-16 11:58:46] INFO: Роль пользователя: 'клиент'
[2025-06-16 11:58:48] ERROR: Неизвестная роль пользователя: 'клиент' для: jon
[2025-06-16 12:15:59] INFO: Запуск приложения
[2025-06-16 12:16:03] INFO: База данных инициализирована
[2025-06-16 12:16:04] INFO: Окно входа открыто
[2025-06-16 12:16:10] INFO: Успешный вход пользователя: rt
[2025-06-16 12:16:10] INFO: Роль пользователя: 'клиент'
[2025-06-16 12:16:12] ERROR: Неизвестная роль пользователя: 'клиент' для: rt
[2025-06-16 12:16:30] INFO: Успешный вход пользователя: Asi
[2025-06-16 12:16:30] INFO: Роль пользователя: 'client'
[2025-06-16 12:16:32] INFO: Открытие окна клиента для: Asi
[2025-06-16 12:16:33] INFO: Клиент Asi загрузил данные товаров.
[2025-06-16 12:16:40] INFO: Окно клиента закрыто для пользователя: Asi
[2025-06-16 12:16:57] INFO: Запуск приложения
[2025-06-16 12:17:01] INFO: База данных инициализирована
[2025-06-16 12:17:02] INFO: Окно входа открыто
[2025-06-16 12:17:08] INFO: Успешный вход пользователя: Asi
[2025-06-16 12:17:08] INFO: Роль пользователя: 'client'
[2025-06-16 12:17:10] INFO: Открытие окна клиента для: Asi
[2025-06-16 12:17:11] INFO: Клиент Asi загрузил данные товаров.
[2025-06-16 12:17:51] INFO: Клиент Asi загрузил данные товаров.
[2025-06-16 12:17:51] INFO: Клиент Asi обновил данные товаров.
[2025-06-16 12:17:51] INFO: Клиент Asi загрузил данные товаров.
[2025-06-16 12:17:51] INFO: Клиент Asi обновил данные товаров.
[2025-06-16 12:17:54] INFO: Выход пользователя: Asi
[2025-06-16 12:20:45] INFO: Запуск приложения
[2025-06-16 12:20:49] INFO: База данных инициализирована
[2025-06-16 12:20:51] INFO: Окно входа открыто
[2025-06-16 12:20:57] INFO: Успешный вход пользователя: rt
[2025-06-16 12:20:57] INFO: Роль пользователя: 'клиент'
[2025-06-16 12:21:00] ERROR: Неизвестная роль пользователя: 'клиент' для: rt
[2025-06-16 12:21:33] INFO: Клиент Client загрузил данные товаров.
[2025-06-16 12:21:40] INFO: Окно клиента закрыто для пользователя: Client
[2025-06-16 12:21:40] INFO: Окно клиента закрыто для пользователя: Client
[2025-06-16 12:21:45] INFO: Запуск приложения
[2025-06-16 12:21:48] INFO: База данных инициализирована
[2025-06-16 12:21:49] INFO: Окно входа открыто
[2025-06-16 12:22:06] INFO: Успешный вход пользователя: Client
[2025-06-16 12:22:06] INFO: Роль пользователя: 'client'
[2025-06-16 12:22:08] INFO: Открытие окна клиента для: Client
[2025-06-16 12:22:10] INFO: Клиент Client загрузил данные товаров.
[2025-06-16 12:22:39] INFO: Выход пользователя: Client
[2025-06-16 12:23:10] INFO: Запуск приложения
[2025-06-16 12:23:16] INFO: База данных инициализирована
[2025-06-16 12:23:18] INFO: Окно входа открыто
[2025-06-16 12:23:30] INFO: Успешный вход пользователя: Client
[2025-06-16 12:23:30] INFO: Роль пользователя: 'client'
[2025-06-16 12:23:34] INFO: Открытие окна клиента для: Client
[2025-06-16 12:23:36] INFO: Клиент Client загрузил данные товаров.
[2025-06-16 12:28:28] INFO: Окно клиента закрыто для пользователя: Client
[2025-06-16 12:28:28] INFO: Окно клиента закрыто для пользователя: Client
[2025-06-16 12:37:59] INFO: Запуск приложения
[2025-06-16 12:38:02] INFO: База данных инициализирована
[2025-06-16 12:38:03] INFO: Окно входа открыто
[2025-06-16 12:38:36] INFO: Успешный вход пользователя: Client
[2025-06-16 12:38:36] INFO: Роль пользователя: 'client'
[2025-06-16 12:38:38] INFO: Открытие окна клиента для: Client
[2025-06-16 12:38:39] INFO: Клиент Client загрузил данные товаров.
[2025-06-16 12:38:56] INFO: Выход пользователя: Client
[2025-06-16 12:39:08] INFO: Запуск приложения
[2025-06-16 12:39:13] INFO: База данных инициализирована
[2025-06-16 12:39:14] INFO: Окно входа открыто
[2025-06-16 12:39:21] INFO: Успешный вход пользователя: Client
[2025-06-16 12:39:21] INFO: Роль пользователя: 'client'
[2025-06-16 12:39:24] INFO: Открытие окна клиента для: Client
[2025-06-16 12:39:25] INFO: Клиент Client загрузил данные товаров.
[2025-06-16 12:39:33] INFO: Пользователь вышел из аккаунта: Client
[2025-06-16 12:39:53] INFO: Запуск приложения
[2025-06-16 12:39:57] INFO: База данных инициализирована
[2025-06-16 12:39:59] INFO: Окно входа открыто
[2025-06-16 12:40:19] INFO: Успешный вход пользователя: Client
[2025-06-16 12:40:19] INFO: Роль пользователя: 'client'
[2025-06-16 12:40:21] INFO: Открытие окна клиента для: Client
[2025-06-16 12:40:22] INFO: Клиент Client загрузил данные товаров.
[2025-06-16 12:40:25] INFO: Окно клиента закрыто для пользователя: Client
[2025-06-16 12:41:39] INFO: Запуск приложения
[2025-06-16 12:41:43] INFO: База данных инициализирована
[2025-06-16 12:41:45] INFO: Окно входа открыто
[2025-06-16 12:41:53] INFO: Успешный вход пользователя: Client
[2025-06-16 12:41:53] INFO: Роль пользователя: 'client'
[2025-06-16 12:41:55] INFO: Открытие окна клиента для: Client
[2025-06-16 12:41:57] INFO: Клиент Client загрузил данные товаров.
[2025-06-16 12:46:32] INFO: Окно клиента закрыто для пользователя: Client
[2025-06-16 12:50:36] INFO: Запуск приложения
[2025-06-16 12:50:40] INFO: База данных инициализирована
[2025-06-16 12:50:41] INFO: Окно входа открыто
[2025-06-16 12:50:59] INFO: Неудачная попытка входа для пользователя: Clinet
[2025-06-16 12:51:13] INFO: Успешный вход пользователя: Client
[2025-06-16 12:51:13] INFO: Роль пользователя: 'client'
[2025-06-16 12:51:16] INFO: Открытие окна клиента для: Client
[2025-06-16 12:51:17] INFO: Клиент Client загрузил данные товаров.
[2025-06-16 12:51:39] INFO: Выход пользователя: Client
[2025-06-16 12:53:17] INFO: Успешный вход пользователя: Client
[2025-06-16 12:53:17] INFO: Роль пользователя: 'client'
[2025-06-16 12:53:19] INFO: Открытие окна клиента для: Client
[2025-06-16 12:53:20] INFO: Клиент Client загрузил данные товаров.
[2025-06-16 12:54:04] INFO: Окно клиента закрыто для пользователя: Client
[2025-06-16 12:55:27] INFO: Запуск приложения
[2025-06-16 12:55:31] INFO: База данных инициализирована
[2025-06-16 12:55:32] INFO: Окно входа открыто
[2025-06-16 12:55:43] INFO: Успешный вход пользователя: Client
[2025-06-16 12:55:43] INFO: Роль пользователя: 'client'
[2025-06-16 12:55:45] INFO: Открытие окна клиента для: Client
[2025-06-16 12:55:46] INFO: Клиент Client загрузил данные товаров.
[2025-06-16 12:59:02] INFO: Окно клиента закрыто для пользователя: Client
[2025-06-16 13:01:11] INFO: Запуск приложения
[2025-06-16 13:01:15] INFO: База данных инициализирована
[2025-06-16 13:01:17] INFO: Окно входа открыто
[2025-06-16 13:01:31] INFO: Успешный вход пользователя: Client
[2025-06-16 13:01:31] INFO: Роль пользователя: 'client'
[2025-06-16 13:01:33] INFO: Открытие окна клиента для: Client
[2025-06-16 13:01:35] INFO: Клиент Client загрузил данные товаров.
[2025-06-16 13:01:45] INFO: Статистика на главной панели обновлена
[2025-06-16 13:02:26] INFO: Статистика на главной панели обновлена
[2025-06-16 13:02:46] INFO: Выход пользователя: Client
[2025-06-16 13:03:02] INFO: Успешный вход пользователя: admin_ph
[2025-06-16 13:03:02] INFO: Роль пользователя: 'admin_ph'
[2025-06-16 13:03:14] INFO: Открытие окна администратора ф для: admin_ph
[2025-06-16 13:04:06] INFO: Запуск приложения
[2025-06-16 13:04:10] INFO: База данных инициализирована
[2025-06-16 13:04:11] INFO: Окно входа открыто
[2025-06-16 13:04:27] INFO: Успешный вход пользователя: Asror
[2025-06-16 13:04:27] INFO: Роль пользователя: 'worker'
[2025-06-16 13:04:29] ERROR: Неизвестная роль пользователя: 'worker' для: Asror
[2025-06-16 13:04:47] INFO: Успешный вход пользователя: Asror
[2025-06-16 13:04:47] INFO: Роль пользователя: 'worker'
[2025-06-16 13:04:49] ERROR: Неизвестная роль пользователя: 'worker' для: Asror
[2025-06-16 13:05:00] INFO: Успешный вход пользователя: Gleb
[2025-06-16 13:05:00] INFO: Роль пользователя: 'admin'
[2025-06-16 13:05:02] INFO: Открытие окна администратора для: Gleb
[2025-06-16 13:05:05] INFO: Загружены данные товаров: 4 записей
[2025-06-16 13:05:07] INFO: Открыто окно администратора для пользователя Gleb
[2025-06-16 13:05:12] INFO: Загружены данные товаров: 4 записей
[2025-06-16 13:05:12] INFO: Обновлены данные товаров
[2025-06-16 13:05:13] INFO: Загружены данные товаров: 4 записей
[2025-06-16 13:05:13] INFO: Обновлены данные товаров
[2025-06-16 13:05:14] INFO: Загружены данные товаров: 4 записей
[2025-06-16 13:05:14] INFO: Обновлены данные товаров
[2025-06-16 13:05:14] INFO: Загружены данные товаров: 4 записей
[2025-06-16 13:05:14] INFO: Обновлены данные товаров
[2025-06-16 13:09:42] INFO: Запуск приложения
[2025-06-16 13:09:45] INFO: База данных инициализирована
[2025-06-16 13:09:47] INFO: Окно входа открыто
[2025-06-16 13:09:55] INFO: Успешный вход пользователя: Asror
[2025-06-16 13:09:55] INFO: Роль пользователя: 'worker'
[2025-06-16 13:09:57] INFO: Открытие окна работника для: Asror
[2025-06-16 13:09:59] INFO: Окно работника открыто для пользователя Asror
[2025-06-16 13:12:29] INFO: Работник Asror изменил статус заказа 3 на Подтвержден
[2025-06-16 13:15:36] INFO: Запуск приложения
[2025-06-16 13:15:39] INFO: База данных инициализирована
[2025-06-16 13:15:40] INFO: Окно входа открыто
[2025-06-16 13:15:51] INFO: Успешный вход пользователя: Gleb
[2025-06-16 13:15:51] INFO: Роль пользователя: 'admin'
[2025-06-16 13:15:53] INFO: Открытие окна администратора для: Gleb
[2025-06-16 13:15:57] INFO: Загружены данные товаров: 4 записей
[2025-06-16 13:15:59] INFO: Открыто окно администратора для пользователя Gleb
[2025-06-16 13:16:35] INFO: Открыт диалог добавления товара
[2025-06-16 13:18:51] INFO: Запуск приложения
[2025-06-16 13:18:55] INFO: База данных инициализирована
[2025-06-16 13:18:56] INFO: Окно входа открыто
[2025-06-16 13:19:17] INFO: Успешный вход пользователя: Gleb
[2025-06-16 13:19:17] INFO: Роль пользователя: 'admin'
[2025-06-16 13:19:19] INFO: Открытие окна администратора для: Gleb
[2025-06-16 13:19:22] INFO: Загружены данные товаров: 4 записей
[2025-06-16 13:19:25] INFO: Открыто окно администратора для пользователя Gleb
[2025-06-16 13:21:43] INFO: Запуск приложения
[2025-06-16 13:21:46] INFO: База данных инициализирована
[2025-06-16 13:21:47] INFO: Окно входа открыто
[2025-06-16 13:22:02] INFO: Успешный вход пользователя: Asror
[2025-06-16 13:22:02] INFO: Роль пользователя: 'worker'
[2025-06-16 13:22:05] INFO: Открытие окна работника для: Asror
[2025-06-16 13:22:07] INFO: Окно работника открыто для пользователя Asror
[2025-06-16 13:22:26] INFO: Работник Asror изменил статус заказа 7 на В обработке
[2025-06-16 13:22:31] INFO: Работник Asror перешел на вкладку заказов.
[2025-06-16 13:23:06] INFO: Работник Asror изменил статус заказа 5 на Доставлен
[2025-06-16 13:23:28] INFO: Запуск приложения
[2025-06-16 13:23:33] INFO: База данных инициализирована
[2025-06-16 13:23:35] INFO: Окно входа открыто
[2025-06-16 13:23:46] INFO: Успешный вход пользователя: Gleb
[2025-06-16 13:23:46] INFO: Роль пользователя: 'admin'
[2025-06-16 13:23:48] INFO: Открытие окна администратора для: Gleb
[2025-06-16 13:23:56] INFO: Загружены данные товаров: 4 записей
[2025-06-16 13:23:58] INFO: Открыто окно администратора для пользователя Gleb
